<?xml version="1.0" encoding="UTF-8"?>
<!-- Generated by org.testng.reporters.JUnitXMLReporter -->
<testsuite hostname="PRINHYLTPDL1296" ignored="0" name="Test" tests="5" failures="0" timestamp="29 Jan 2021 18:43:42 GMT" time="11.32" errors="0">
  <testcase name="POST_Login" time="3.697" classname="com.claraanalytics.test.RoleTest"/>
  <testcase name="POST_CreateRole" time="2.313" classname="com.claraanalytics.test.RoleTest"/>
  <testcase name="PUT_UpdateRole" time="1.837" classname="com.claraanalytics.test.RoleTest"/>
  <testcase name="GET_Role" time="1.783" classname="com.claraanalytics.test.RoleTest"/>
  <testcase name="DELETE_Role" time="1.671" classname="com.claraanalytics.test.RoleTest"/>
</testsuite> <!-- Test -->
