<?xml version="1.0" encoding="UTF-8"?>
<testng-results skipped="0" failed="0" ignored="0" total="1" passed="1">
  <reporter-output>
  </reporter-output>
  <suite name="com.claraanalytics.test.SentryTest" duration-ms="37" started-at="2021-01-03T04:05:09 IST" finished-at="2021-01-03T04:05:09 IST">
    <groups>
    </groups>
    <test name="Command line test" duration-ms="37" started-at="2021-01-03T04:05:09 IST" finished-at="2021-01-03T04:05:09 IST">
      <class name="com.claraanalytics.test.SentryTest">
        <test-method status="PASS" signature="main()[pri:0, instance:com.claraanalytics.test.SentryTest@39c0f4a]" name="main" duration-ms="4" started-at="2021-01-03T04:05:09 IST" finished-at="2021-01-03T04:05:09 IST">
          <reporter-output>
          </reporter-output>
        </test-method> <!-- main -->
      </class> <!-- com.claraanalytics.test.SentryTest -->
    </test> <!-- Command line test -->
  </suite> <!-- com.claraanalytics.test.SentryTest -->
</testng-results>
