<?xml version="1.0" encoding="UTF-8"?>
<testng-results skipped="0" failed="0" ignored="0" total="4" passed="4">
  <reporter-output>
  </reporter-output>
  <suite name="Suite" duration-ms="23441" started-at="2021-01-04T06:47:47Z" finished-at="2021-01-04T06:48:11Z">
    <groups>
    </groups>
    <test name="Test" duration-ms="23441" started-at="2021-01-04T06:47:47Z" finished-at="2021-01-04T06:48:11Z">
      <class name="com.claraanalytics.test.RoleTest">
        <test-method status="PASS" signature="POST_CreateRole()[pri:1, instance:com.claraanalytics.test.RoleTest@5d5eef3d]" name="POST_CreateRole" duration-ms="17854" started-at="2021-01-04T12:17:47Z" finished-at="2021-01-04T12:18:05Z">
          <reporter-output>
          </reporter-output>
        </test-method> <!-- POST_CreateRole -->
        <test-method status="PASS" signature="PUT_UpdateRole()[pri:2, instance:com.claraanalytics.test.RoleTest@5d5eef3d]" name="PUT_UpdateRole" duration-ms="1802" started-at="2021-01-04T12:18:05Z" finished-at="2021-01-04T12:18:07Z">
          <reporter-output>
          </reporter-output>
        </test-method> <!-- PUT_UpdateRole -->
        <test-method status="PASS" signature="GET_Role()[pri:3, instance:com.claraanalytics.test.RoleTest@5d5eef3d]" name="GET_Role" duration-ms="1886" started-at="2021-01-04T12:18:07Z" finished-at="2021-01-04T12:18:09Z">
          <reporter-output>
          </reporter-output>
        </test-method> <!-- GET_Role -->
        <test-method status="PASS" signature="DELETE_Role()[pri:4, instance:com.claraanalytics.test.RoleTest@5d5eef3d]" name="DELETE_Role" duration-ms="1734" started-at="2021-01-04T12:18:09Z" finished-at="2021-01-04T12:18:11Z">
          <reporter-output>
          </reporter-output>
        </test-method> <!-- DELETE_Role -->
      </class> <!-- com.claraanalytics.test.RoleTest -->
    </test> <!-- Test -->
  </suite> <!-- Suite -->
</testng-results>
