<?xml version="1.0" encoding="UTF-8"?>
<testng-results skipped="0" failed="0" ignored="0" total="5" passed="5">
  <reporter-output>
  </reporter-output>
  <suite name="Suite" duration-ms="11320" started-at="2021-01-29T18:43:30Z" finished-at="2021-01-29T18:43:42Z">
    <groups>
    </groups>
    <test name="Test" duration-ms="11320" started-at="2021-01-29T18:43:30Z" finished-at="2021-01-29T18:43:42Z">
      <class name="com.claraanalytics.test.RoleTest">
        <test-method status="PASS" signature="POST_Login()[pri:1, instance:com.claraanalytics.test.RoleTest@5d5eef3d]" name="POST_Login" duration-ms="3697" started-at="2021-01-30T00:13:30Z" finished-at="2021-01-30T00:13:34Z">
          <reporter-output>
          </reporter-output>
        </test-method> <!-- POST_Login -->
        <test-method status="PASS" signature="POST_CreateRole()[pri:2, instance:com.claraanalytics.test.RoleTest@5d5eef3d]" name="POST_CreateRole" duration-ms="2313" started-at="2021-01-30T00:13:34Z" finished-at="2021-01-30T00:13:37Z">
          <reporter-output>
          </reporter-output>
        </test-method> <!-- POST_CreateRole -->
        <test-method status="PASS" signature="PUT_UpdateRole()[pri:3, instance:com.claraanalytics.test.RoleTest@5d5eef3d]" name="PUT_UpdateRole" duration-ms="1837" started-at="2021-01-30T00:13:37Z" finished-at="2021-01-30T00:13:38Z">
          <reporter-output>
          </reporter-output>
        </test-method> <!-- PUT_UpdateRole -->
        <test-method status="PASS" signature="GET_Role()[pri:4, instance:com.claraanalytics.test.RoleTest@5d5eef3d]" name="GET_Role" duration-ms="1783" started-at="2021-01-30T00:13:38Z" finished-at="2021-01-30T00:13:40Z">
          <reporter-output>
          </reporter-output>
        </test-method> <!-- GET_Role -->
        <test-method status="PASS" signature="DELETE_Role()[pri:5, instance:com.claraanalytics.test.RoleTest@5d5eef3d]" name="DELETE_Role" duration-ms="1671" started-at="2021-01-30T00:13:40Z" finished-at="2021-01-30T00:13:42Z">
          <reporter-output>
          </reporter-output>
        </test-method> <!-- DELETE_Role -->
      </class> <!-- com.claraanalytics.test.RoleTest -->
    </test> <!-- Test -->
  </suite> <!-- Suite -->
</testng-results>
